<?xml version="1.0" encoding="UTF-8"?>
<!-- Generated by org.testng.reporters.JUnitReportReporter -->
<testsuite skipped="0" hostname="Soumyadeep-PC" name="elephanttest.NewTest" tests="1" failures="0" timestamp="03 Jul 2018 19:34:09 GMT" time="0.021" errors="0">
  <testcase name="f" time="0.021" classname="elephanttest.NewTest"/>
</testsuite> <!-- elephanttest.NewTest -->
