<?xml version="1.0" encoding="UTF-8"?>
<!-- Generated by org.testng.reporters.JUnitReportReporter -->
<testsuite skipped="0" hostname="Soumyadeep-PC" name="elephanttest.NewTest" tests="1" failures="0" timestamp="11 Jun 2018 20:52:24 GMT" time="0.001" errors="0">
  <testcase name="f" time="0.001" classname="elephanttest.NewTest"/>
</testsuite> <!-- elephanttest.NewTest -->
